<?xml version="1.0" encoding="UTF-8"?>
<!-- Generated by org.testng.reporters.JUnitXMLReporter -->
<testsuite ignored="0" hostname="Dom-Komputer" failures="0" tests="10" name="Command line test" time="0.108" errors="0" timestamp="2019-10-07T21:26:29 CEST">
  <testcase classname="com.boc.webapp.ResponseFactoryTest" name="testCollectAllRolesEmptyList" time="0.015"/>
  <testcase classname="com.boc.webapp.ResponseFactoryTest" name="testCollectAllRolesSingleUserNoRoles" time="0.001"/>
  <testcase classname="com.boc.webapp.ResponseFactoryTest" name="testCollectAllRolesSingleUserSingleRole" time="0.001"/>
  <testcase classname="com.boc.webapp.UserTest" name="testDate" time="0.024"/>
  <testcase classname="com.boc.webapp.UserTest" name="testGetID" time="0.0"/>
  <testcase classname="com.boc.webapp.UserTest" name="testGetName" time="0.001"/>
  <testcase classname="com.boc.webapp.UserTest" name="testGetRoles" time="0.001"/>
  <testcase classname="com.boc.webapp.UserTest" name="testUniqueID" time="0.0"/>
  <testcase classname="com.boc.webapp.UserTest" name="testUser" time="0.0"/>
  <testcase classname="com.boc.webapp.UserTest" name="testUserCount" time="0.002"/>
</testsuite> <!-- Command line test -->
